==12049== Memcheck, a memory error detector
==12049== Copyright (C) 2002-2011, and GNU GPL'd, by Julian Seward et al.
==12049== Using Valgrind-3.7.0 and LibVEX; rerun with -h for copyright info
==12049== Command: ./test/test
==12049== Parent PID: 28858
==12049== 
==12054== 
==12054== HEAP SUMMARY:
==12054==     in use at exit: 2,628 bytes in 75 blocks
==12054==   total heap usage: 90 allocs, 15 frees, 5,138 bytes allocated
==12054== 
==12054== LEAK SUMMARY:
==12054==    definitely lost: 0 bytes in 0 blocks
==12054==    indirectly lost: 0 bytes in 0 blocks
==12054==      possibly lost: 0 bytes in 0 blocks
==12054==    still reachable: 2,628 bytes in 75 blocks
==12054==         suppressed: 0 bytes in 0 blocks
==12054== Rerun with --leak-check=full to see details of leaked memory
==12054== 
==12054== For counts of detected and suppressed errors, rerun with: -v
==12054== ERROR SUMMARY: 0 errors from 0 contexts (suppressed: 2 from 2)
==12057== 
==12057== HEAP SUMMARY:
==12057==     in use at exit: 2,697 bytes in 78 blocks
==12057==   total heap usage: 111 allocs, 33 frees, 6,432 bytes allocated
==12057== 
==12057== LEAK SUMMARY:
==12057==    definitely lost: 0 bytes in 0 blocks
==12057==    indirectly lost: 0 bytes in 0 blocks
==12057==      possibly lost: 0 bytes in 0 blocks
==12057==    still reachable: 2,697 bytes in 78 blocks
==12057==         suppressed: 0 bytes in 0 blocks
==12057== Rerun with --leak-check=full to see details of leaked memory
==12057== 
==12057== For counts of detected and suppressed errors, rerun with: -v
==12057== ERROR SUMMARY: 0 errors from 0 contexts (suppressed: 2 from 2)
==12058== 
==12058== HEAP SUMMARY:
==12058==     in use at exit: 2,774 bytes in 81 blocks
==12058==   total heap usage: 144 allocs, 63 frees, 8,017 bytes allocated
==12058== 
==12058== LEAK SUMMARY:
==12058==    definitely lost: 0 bytes in 0 blocks
==12058==    indirectly lost: 0 bytes in 0 blocks
==12058==      possibly lost: 0 bytes in 0 blocks
==12058==    still reachable: 2,774 bytes in 81 blocks
==12058==         suppressed: 0 bytes in 0 blocks
==12058== Rerun with --leak-check=full to see details of leaked memory
==12058== 
==12058== For counts of detected and suppressed errors, rerun with: -v
==12058== ERROR SUMMARY: 0 errors from 0 contexts (suppressed: 2 from 2)
==12059== 
==12059== HEAP SUMMARY:
==12059==     in use at exit: 2,859 bytes in 84 blocks
==12059==   total heap usage: 179 allocs, 95 frees, 10,912 bytes allocated
==12059== 
==12059== LEAK SUMMARY:
==12059==    definitely lost: 0 bytes in 0 blocks
==12059==    indirectly lost: 0 bytes in 0 blocks
==12059==      possibly lost: 0 bytes in 0 blocks
==12059==    still reachable: 2,859 bytes in 84 blocks
==12059==         suppressed: 0 bytes in 0 blocks
==12059== Rerun with --leak-check=full to see details of leaked memory
==12059== 
==12059== For counts of detected and suppressed errors, rerun with: -v
==12059== ERROR SUMMARY: 0 errors from 0 contexts (suppressed: 2 from 2)
==12049== 
==12049== HEAP SUMMARY:
==12049==     in use at exit: 0 bytes in 0 blocks
==12049==   total heap usage: 199 allocs, 199 frees, 12,590 bytes allocated
==12049== 
==12049== All heap blocks were freed -- no leaks are possible
==12049== 
==12049== For counts of detected and suppressed errors, rerun with: -v
==12049== ERROR SUMMARY: 0 errors from 0 contexts (suppressed: 2 from 2)
