==6933== Memcheck, a memory error detector
==6933== Copyright (C) 2002-2011, and GNU GPL'd, by Julian Seward et al.
==6933== Using Valgrind-3.7.0 and LibVEX; rerun with -h for copyright info
==6933== Command: ./test/test
==6933== Parent PID: 27312
==6933== 
==6948== 
==6948== HEAP SUMMARY:
==6948==     in use at exit: 2,334 bytes in 60 blocks
==6948==   total heap usage: 80 allocs, 20 frees, 9,313 bytes allocated
==6948== 
==6948== LEAK SUMMARY:
==6948==    definitely lost: 0 bytes in 0 blocks
==6948==    indirectly lost: 0 bytes in 0 blocks
==6948==      possibly lost: 0 bytes in 0 blocks
==6948==    still reachable: 2,334 bytes in 60 blocks
==6948==         suppressed: 0 bytes in 0 blocks
==6948== Rerun with --leak-check=full to see details of leaked memory
==6948== 
==6948== For counts of detected and suppressed errors, rerun with: -v
==6948== ERROR SUMMARY: 0 errors from 0 contexts (suppressed: 2 from 2)
==6949== 
==6949== HEAP SUMMARY:
==6949==     in use at exit: 2,403 bytes in 63 blocks
==6949==   total heap usage: 88 allocs, 25 frees, 5,795 bytes allocated
==6949== 
==6949== LEAK SUMMARY:
==6949==    definitely lost: 0 bytes in 0 blocks
==6949==    indirectly lost: 0 bytes in 0 blocks
==6949==      possibly lost: 0 bytes in 0 blocks
==6949==    still reachable: 2,403 bytes in 63 blocks
==6949==         suppressed: 0 bytes in 0 blocks
==6949== Rerun with --leak-check=full to see details of leaked memory
==6949== 
==6949== For counts of detected and suppressed errors, rerun with: -v
==6949== ERROR SUMMARY: 0 errors from 0 contexts (suppressed: 2 from 2)
==6950== 
==6950== HEAP SUMMARY:
==6950==     in use at exit: 2,513 bytes in 66 blocks
==6950==   total heap usage: 107 allocs, 41 frees, 7,122 bytes allocated
==6950== 
==6950== LEAK SUMMARY:
==6950==    definitely lost: 0 bytes in 0 blocks
==6950==    indirectly lost: 0 bytes in 0 blocks
==6950==      possibly lost: 0 bytes in 0 blocks
==6950==    still reachable: 2,513 bytes in 66 blocks
==6950==         suppressed: 0 bytes in 0 blocks
==6950== Rerun with --leak-check=full to see details of leaked memory
==6950== 
==6950== For counts of detected and suppressed errors, rerun with: -v
==6950== ERROR SUMMARY: 0 errors from 0 contexts (suppressed: 2 from 2)
==6933== 
==6933== HEAP SUMMARY:
==6933==     in use at exit: 0 bytes in 0 blocks
==6933==   total heap usage: 125 allocs, 125 frees, 8,752 bytes allocated
==6933== 
==6933== All heap blocks were freed -- no leaks are possible
==6933== 
==6933== For counts of detected and suppressed errors, rerun with: -v
==6933== ERROR SUMMARY: 0 errors from 0 contexts (suppressed: 2 from 2)
