==20032== Memcheck, a memory error detector
==20032== Copyright (C) 2002-2011, and GNU GPL'd, by Julian Seward et al.
==20032== Using Valgrind-3.7.0 and LibVEX; rerun with -h for copyright info
==20032== Command: ./test/test
==20032== Parent PID: 23765
==20032== 
==20046== 
==20046== HEAP SUMMARY:
==20046==     in use at exit: 2,636 bytes in 75 blocks
==20046==   total heap usage: 87 allocs, 12 frees, 5,071 bytes allocated
==20046== 
==20046== LEAK SUMMARY:
==20046==    definitely lost: 0 bytes in 0 blocks
==20046==    indirectly lost: 0 bytes in 0 blocks
==20046==      possibly lost: 0 bytes in 0 blocks
==20046==    still reachable: 2,636 bytes in 75 blocks
==20046==         suppressed: 0 bytes in 0 blocks
==20046== Rerun with --leak-check=full to see details of leaked memory
==20046== 
==20046== For counts of detected and suppressed errors, rerun with: -v
==20046== ERROR SUMMARY: 0 errors from 0 contexts (suppressed: 2 from 2)
==20047== 
==20047== HEAP SUMMARY:
==20047==     in use at exit: 2,705 bytes in 78 blocks
==20047==   total heap usage: 101 allocs, 23 frees, 6,025 bytes allocated
==20047== 
==20047== LEAK SUMMARY:
==20047==    definitely lost: 0 bytes in 0 blocks
==20047==    indirectly lost: 0 bytes in 0 blocks
==20047==      possibly lost: 0 bytes in 0 blocks
==20047==    still reachable: 2,705 bytes in 78 blocks
==20047==         suppressed: 0 bytes in 0 blocks
==20047== Rerun with --leak-check=full to see details of leaked memory
==20047== 
==20047== For counts of detected and suppressed errors, rerun with: -v
==20047== ERROR SUMMARY: 0 errors from 0 contexts (suppressed: 2 from 2)
==20049== 
==20049== HEAP SUMMARY:
==20049==     in use at exit: 2,782 bytes in 81 blocks
==20049==   total heap usage: 116 allocs, 35 frees, 6,995 bytes allocated
==20049== 
==20049== LEAK SUMMARY:
==20049==    definitely lost: 0 bytes in 0 blocks
==20049==    indirectly lost: 0 bytes in 0 blocks
==20049==      possibly lost: 0 bytes in 0 blocks
==20049==    still reachable: 2,782 bytes in 81 blocks
==20049==         suppressed: 0 bytes in 0 blocks
==20049== Rerun with --leak-check=full to see details of leaked memory
==20049== 
==20049== For counts of detected and suppressed errors, rerun with: -v
==20049== ERROR SUMMARY: 0 errors from 0 contexts (suppressed: 2 from 2)
==20050== Conditional jump or move depends on uninitialised value(s)
==20050==    at 0x4031F8: count_words (strings.c:96)
==20050==    by 0x403346: most_common (strings.c:128)
==20050==    by 0x4024D3: test_most_common (test_source.c:127)
==20050==    by 0x406430: srunner_run_all (in /m/home/home3/38/hautamt2/unix/NetBeansProjects/C-summer-2014/Module_6-Task_1/test/test)
==20050==    by 0x402A18: tmc_run_tests (tmc-check.c:122)
==20050==    by 0x4026C3: main (test_source.c:149)
==20050== 
==20050== 
==20050== HEAP SUMMARY:
==20050==     in use at exit: 2,867 bytes in 84 blocks
==20050==   total heap usage: 131 allocs, 47 frees, 7,981 bytes allocated
==20050== 
==20050== LEAK SUMMARY:
==20050==    definitely lost: 0 bytes in 0 blocks
==20050==    indirectly lost: 0 bytes in 0 blocks
==20050==      possibly lost: 0 bytes in 0 blocks
==20050==    still reachable: 2,867 bytes in 84 blocks
==20050==         suppressed: 0 bytes in 0 blocks
==20050== Rerun with --leak-check=full to see details of leaked memory
==20050== 
==20050== For counts of detected and suppressed errors, rerun with: -v
==20050== Use --track-origins=yes to see where uninitialised values come from
==20050== ERROR SUMMARY: 7 errors from 1 contexts (suppressed: 2 from 2)
==20032== 
==20032== HEAP SUMMARY:
==20032==     in use at exit: 0 bytes in 0 blocks
==20032==   total heap usage: 147 allocs, 147 frees, 9,394 bytes allocated
==20032== 
==20032== All heap blocks were freed -- no leaks are possible
==20032== 
==20032== For counts of detected and suppressed errors, rerun with: -v
==20032== ERROR SUMMARY: 0 errors from 0 contexts (suppressed: 2 from 2)
