==13106== Memcheck, a memory error detector
==13106== Copyright (C) 2002-2011, and GNU GPL'd, by Julian Seward et al.
==13106== Using Valgrind-3.7.0 and LibVEX; rerun with -h for copyright info
==13106== Command: ./test/test
==13106== Parent PID: 23087
==13106== 
==13112== 
==13112== HEAP SUMMARY:
==13112==     in use at exit: 2,636 bytes in 75 blocks
==13112==   total heap usage: 98 allocs, 23 frees, 5,358 bytes allocated
==13112== 
==13112== LEAK SUMMARY:
==13112==    definitely lost: 0 bytes in 0 blocks
==13112==    indirectly lost: 0 bytes in 0 blocks
==13112==      possibly lost: 0 bytes in 0 blocks
==13112==    still reachable: 2,636 bytes in 75 blocks
==13112==         suppressed: 0 bytes in 0 blocks
==13112== Rerun with --leak-check=full to see details of leaked memory
==13112== 
==13112== For counts of detected and suppressed errors, rerun with: -v
==13112== ERROR SUMMARY: 0 errors from 0 contexts (suppressed: 2 from 2)
==13113== 
==13113== HEAP SUMMARY:
==13113==     in use at exit: 2,705 bytes in 78 blocks
==13113==   total heap usage: 117 allocs, 39 frees, 6,695 bytes allocated
==13113== 
==13113== LEAK SUMMARY:
==13113==    definitely lost: 0 bytes in 0 blocks
==13113==    indirectly lost: 0 bytes in 0 blocks
==13113==      possibly lost: 0 bytes in 0 blocks
==13113==    still reachable: 2,705 bytes in 78 blocks
==13113==         suppressed: 0 bytes in 0 blocks
==13113== Rerun with --leak-check=full to see details of leaked memory
==13113== 
==13113== For counts of detected and suppressed errors, rerun with: -v
==13113== ERROR SUMMARY: 0 errors from 0 contexts (suppressed: 2 from 2)
==13115== 
==13115== HEAP SUMMARY:
==13115==     in use at exit: 2,842 bytes in 81 blocks
==13115==   total heap usage: 137 allocs, 56 frees, 8,517 bytes allocated
==13115== 
==13115== LEAK SUMMARY:
==13115==    definitely lost: 0 bytes in 0 blocks
==13115==    indirectly lost: 0 bytes in 0 blocks
==13115==      possibly lost: 0 bytes in 0 blocks
==13115==    still reachable: 2,842 bytes in 81 blocks
==13115==         suppressed: 0 bytes in 0 blocks
==13115== Rerun with --leak-check=full to see details of leaked memory
==13115== 
==13115== For counts of detected and suppressed errors, rerun with: -v
==13115== ERROR SUMMARY: 0 errors from 0 contexts (suppressed: 2 from 2)
==13116== 
==13116== HEAP SUMMARY:
==13116==     in use at exit: 2,927 bytes in 84 blocks
==13116==   total heap usage: 155 allocs, 71 frees, 9,787 bytes allocated
==13116== 
==13116== LEAK SUMMARY:
==13116==    definitely lost: 0 bytes in 0 blocks
==13116==    indirectly lost: 0 bytes in 0 blocks
==13116==      possibly lost: 0 bytes in 0 blocks
==13116==    still reachable: 2,927 bytes in 84 blocks
==13116==         suppressed: 0 bytes in 0 blocks
==13116== Rerun with --leak-check=full to see details of leaked memory
==13116== 
==13116== For counts of detected and suppressed errors, rerun with: -v
==13116== ERROR SUMMARY: 0 errors from 0 contexts (suppressed: 2 from 2)
==13106== 
==13106== HEAP SUMMARY:
==13106==     in use at exit: 0 bytes in 0 blocks
==13106==   total heap usage: 164 allocs, 164 frees, 11,323 bytes allocated
==13106== 
==13106== All heap blocks were freed -- no leaks are possible
==13106== 
==13106== For counts of detected and suppressed errors, rerun with: -v
==13106== ERROR SUMMARY: 0 errors from 0 contexts (suppressed: 2 from 2)
