==4474== Memcheck, a memory error detector
==4474== Copyright (C) 2002-2011, and GNU GPL'd, by Julian Seward et al.
==4474== Using Valgrind-3.7.0 and LibVEX; rerun with -h for copyright info
==4474== Command: ./test/test
==4474== Parent PID: 5373
==4474== 
==4536== 
==4536== HEAP SUMMARY:
==4536==     in use at exit: 2,636 bytes in 75 blocks
==4536==   total heap usage: 311 allocs, 236 frees, 38,483 bytes allocated
==4536== 
==4536== LEAK SUMMARY:
==4536==    definitely lost: 0 bytes in 0 blocks
==4536==    indirectly lost: 0 bytes in 0 blocks
==4536==      possibly lost: 0 bytes in 0 blocks
==4536==    still reachable: 2,636 bytes in 75 blocks
==4536==         suppressed: 0 bytes in 0 blocks
==4536== Rerun with --leak-check=full to see details of leaked memory
==4536== 
==4536== For counts of detected and suppressed errors, rerun with: -v
==4536== ERROR SUMMARY: 0 errors from 0 contexts (suppressed: 2 from 2)
==4539== 
==4539== HEAP SUMMARY:
==4539==     in use at exit: 2,705 bytes in 78 blocks
==4539==   total heap usage: 335 allocs, 257 frees, 81,825 bytes allocated
==4539== 
==4539== LEAK SUMMARY:
==4539==    definitely lost: 0 bytes in 0 blocks
==4539==    indirectly lost: 0 bytes in 0 blocks
==4539==      possibly lost: 0 bytes in 0 blocks
==4539==    still reachable: 2,705 bytes in 78 blocks
==4539==         suppressed: 0 bytes in 0 blocks
==4539== Rerun with --leak-check=full to see details of leaked memory
==4539== 
==4539== For counts of detected and suppressed errors, rerun with: -v
==4539== ERROR SUMMARY: 0 errors from 0 contexts (suppressed: 2 from 2)
==4540== 
==4540== HEAP SUMMARY:
==4540==     in use at exit: 2,782 bytes in 81 blocks
==4540==   total heap usage: 123 allocs, 42 frees, 7,151 bytes allocated
==4540== 
==4540== LEAK SUMMARY:
==4540==    definitely lost: 0 bytes in 0 blocks
==4540==    indirectly lost: 0 bytes in 0 blocks
==4540==      possibly lost: 0 bytes in 0 blocks
==4540==    still reachable: 2,782 bytes in 81 blocks
==4540==         suppressed: 0 bytes in 0 blocks
==4540== Rerun with --leak-check=full to see details of leaked memory
==4540== 
==4540== For counts of detected and suppressed errors, rerun with: -v
==4540== ERROR SUMMARY: 0 errors from 0 contexts (suppressed: 2 from 2)
==4542== 
==4542== HEAP SUMMARY:
==4542==     in use at exit: 2,867 bytes in 84 blocks
==4542==   total heap usage: 139 allocs, 55 frees, 8,705 bytes allocated
==4542== 
==4542== LEAK SUMMARY:
==4542==    definitely lost: 0 bytes in 0 blocks
==4542==    indirectly lost: 0 bytes in 0 blocks
==4542==      possibly lost: 0 bytes in 0 blocks
==4542==    still reachable: 2,867 bytes in 84 blocks
==4542==         suppressed: 0 bytes in 0 blocks
==4542== Rerun with --leak-check=full to see details of leaked memory
==4542== 
==4542== For counts of detected and suppressed errors, rerun with: -v
==4542== ERROR SUMMARY: 0 errors from 0 contexts (suppressed: 2 from 2)
==4474== 
==4474== HEAP SUMMARY:
==4474==     in use at exit: 0 bytes in 0 blocks
==4474==   total heap usage: 147 allocs, 147 frees, 9,394 bytes allocated
==4474== 
==4474== All heap blocks were freed -- no leaks are possible
==4474== 
==4474== For counts of detected and suppressed errors, rerun with: -v
==4474== ERROR SUMMARY: 0 errors from 0 contexts (suppressed: 2 from 2)
