==26239== Memcheck, a memory error detector
==26239== Copyright (C) 2002-2011, and GNU GPL'd, by Julian Seward et al.
==26239== Using Valgrind-3.7.0 and LibVEX; rerun with -h for copyright info
==26239== Command: ./test/test
==26239== Parent PID: 23679
==26239== 
==26280== 
==26280== HEAP SUMMARY:
==26280==     in use at exit: 2,628 bytes in 75 blocks
==26280==   total heap usage: 89 allocs, 14 frees, 5,656 bytes allocated
==26280== 
==26280== LEAK SUMMARY:
==26280==    definitely lost: 0 bytes in 0 blocks
==26280==    indirectly lost: 0 bytes in 0 blocks
==26280==      possibly lost: 0 bytes in 0 blocks
==26280==    still reachable: 2,628 bytes in 75 blocks
==26280==         suppressed: 0 bytes in 0 blocks
==26280== Rerun with --leak-check=full to see details of leaked memory
==26280== 
==26280== For counts of detected and suppressed errors, rerun with: -v
==26280== ERROR SUMMARY: 0 errors from 0 contexts (suppressed: 2 from 2)
==26283== 
==26283== HEAP SUMMARY:
==26283==     in use at exit: 2,697 bytes in 78 blocks
==26283==   total heap usage: 106 allocs, 28 frees, 6,351 bytes allocated
==26283== 
==26283== LEAK SUMMARY:
==26283==    definitely lost: 0 bytes in 0 blocks
==26283==    indirectly lost: 0 bytes in 0 blocks
==26283==      possibly lost: 0 bytes in 0 blocks
==26283==    still reachable: 2,697 bytes in 78 blocks
==26283==         suppressed: 0 bytes in 0 blocks
==26283== Rerun with --leak-check=full to see details of leaked memory
==26283== 
==26283== For counts of detected and suppressed errors, rerun with: -v
==26283== ERROR SUMMARY: 0 errors from 0 contexts (suppressed: 2 from 2)
==26284== 
==26284== HEAP SUMMARY:
==26284==     in use at exit: 2,774 bytes in 81 blocks
==26284==   total heap usage: 128 allocs, 47 frees, 8,769 bytes allocated
==26284== 
==26284== LEAK SUMMARY:
==26284==    definitely lost: 0 bytes in 0 blocks
==26284==    indirectly lost: 0 bytes in 0 blocks
==26284==      possibly lost: 0 bytes in 0 blocks
==26284==    still reachable: 2,774 bytes in 81 blocks
==26284==         suppressed: 0 bytes in 0 blocks
==26284== Rerun with --leak-check=full to see details of leaked memory
==26284== 
==26284== For counts of detected and suppressed errors, rerun with: -v
==26284== ERROR SUMMARY: 0 errors from 0 contexts (suppressed: 2 from 2)
==26285== 
==26285== HEAP SUMMARY:
==26285==     in use at exit: 2,859 bytes in 84 blocks
==26285==   total heap usage: 144 allocs, 60 frees, 8,881 bytes allocated
==26285== 
==26285== LEAK SUMMARY:
==26285==    definitely lost: 0 bytes in 0 blocks
==26285==    indirectly lost: 0 bytes in 0 blocks
==26285==      possibly lost: 0 bytes in 0 blocks
==26285==    still reachable: 2,859 bytes in 84 blocks
==26285==         suppressed: 0 bytes in 0 blocks
==26285== Rerun with --leak-check=full to see details of leaked memory
==26285== 
==26285== For counts of detected and suppressed errors, rerun with: -v
==26285== ERROR SUMMARY: 0 errors from 0 contexts (suppressed: 2 from 2)
==26239== 
==26239== HEAP SUMMARY:
==26239==     in use at exit: 0 bytes in 0 blocks
==26239==   total heap usage: 160 allocs, 160 frees, 10,294 bytes allocated
==26239== 
==26239== All heap blocks were freed -- no leaks are possible
==26239== 
==26239== For counts of detected and suppressed errors, rerun with: -v
==26239== ERROR SUMMARY: 0 errors from 0 contexts (suppressed: 2 from 2)
