==29014== Memcheck, a memory error detector
==29014== Copyright (C) 2002-2011, and GNU GPL'd, by Julian Seward et al.
==29014== Using Valgrind-3.7.0 and LibVEX; rerun with -h for copyright info
==29014== Command: ./test/test
==29014== Parent PID: 21199
==29014== 
==29030== 
==29030== HEAP SUMMARY:
==29030==     in use at exit: 2,334 bytes in 60 blocks
==29030==   total heap usage: 72 allocs, 12 frees, 4,769 bytes allocated
==29030== 
==29030== LEAK SUMMARY:
==29030==    definitely lost: 0 bytes in 0 blocks
==29030==    indirectly lost: 0 bytes in 0 blocks
==29030==      possibly lost: 0 bytes in 0 blocks
==29030==    still reachable: 2,334 bytes in 60 blocks
==29030==         suppressed: 0 bytes in 0 blocks
==29030== Rerun with --leak-check=full to see details of leaked memory
==29030== 
==29030== For counts of detected and suppressed errors, rerun with: -v
==29030== ERROR SUMMARY: 0 errors from 0 contexts (suppressed: 2 from 2)
==29031== 
==29031== HEAP SUMMARY:
==29031==     in use at exit: 2,403 bytes in 63 blocks
==29031==   total heap usage: 89 allocs, 26 frees, 7,427 bytes allocated
==29031== 
==29031== LEAK SUMMARY:
==29031==    definitely lost: 0 bytes in 0 blocks
==29031==    indirectly lost: 0 bytes in 0 blocks
==29031==      possibly lost: 0 bytes in 0 blocks
==29031==    still reachable: 2,403 bytes in 63 blocks
==29031==         suppressed: 0 bytes in 0 blocks
==29031== Rerun with --leak-check=full to see details of leaked memory
==29031== 
==29031== For counts of detected and suppressed errors, rerun with: -v
==29031== ERROR SUMMARY: 0 errors from 0 contexts (suppressed: 2 from 2)
==29032== 
==29032== HEAP SUMMARY:
==29032==     in use at exit: 2,480 bytes in 66 blocks
==29032==   total heap usage: 101 allocs, 35 frees, 6,693 bytes allocated
==29032== 
==29032== LEAK SUMMARY:
==29032==    definitely lost: 0 bytes in 0 blocks
==29032==    indirectly lost: 0 bytes in 0 blocks
==29032==      possibly lost: 0 bytes in 0 blocks
==29032==    still reachable: 2,480 bytes in 66 blocks
==29032==         suppressed: 0 bytes in 0 blocks
==29032== Rerun with --leak-check=full to see details of leaked memory
==29032== 
==29032== For counts of detected and suppressed errors, rerun with: -v
==29032== ERROR SUMMARY: 0 errors from 0 contexts (suppressed: 2 from 2)
==29014== 
==29014== HEAP SUMMARY:
==29014==     in use at exit: 0 bytes in 0 blocks
==29014==   total heap usage: 117 allocs, 117 frees, 8,038 bytes allocated
==29014== 
==29014== All heap blocks were freed -- no leaks are possible
==29014== 
==29014== For counts of detected and suppressed errors, rerun with: -v
==29014== ERROR SUMMARY: 0 errors from 0 contexts (suppressed: 2 from 2)
