==1468== Memcheck, a memory error detector
==1468== Copyright (C) 2002-2011, and GNU GPL'd, by Julian Seward et al.
==1468== Using Valgrind-3.7.0 and LibVEX; rerun with -h for copyright info
==1468== Command: ./test/test
==1468== Parent PID: 11704
==1468== 
==1527== 
==1527== HEAP SUMMARY:
==1527==     in use at exit: 2,329 bytes in 60 blocks
==1527==   total heap usage: 73 allocs, 13 frees, 5,332 bytes allocated
==1527== 
==1527== LEAK SUMMARY:
==1527==    definitely lost: 0 bytes in 0 blocks
==1527==    indirectly lost: 0 bytes in 0 blocks
==1527==      possibly lost: 0 bytes in 0 blocks
==1527==    still reachable: 2,329 bytes in 60 blocks
==1527==         suppressed: 0 bytes in 0 blocks
==1527== Rerun with --leak-check=full to see details of leaked memory
==1527== 
==1527== For counts of detected and suppressed errors, rerun with: -v
==1527== ERROR SUMMARY: 0 errors from 0 contexts (suppressed: 2 from 2)
==1532== 
==1532== HEAP SUMMARY:
==1532==     in use at exit: 2,398 bytes in 63 blocks
==1532==   total heap usage: 88 allocs, 25 frees, 6,854 bytes allocated
==1532== 
==1532== LEAK SUMMARY:
==1532==    definitely lost: 0 bytes in 0 blocks
==1532==    indirectly lost: 0 bytes in 0 blocks
==1532==      possibly lost: 0 bytes in 0 blocks
==1532==    still reachable: 2,398 bytes in 63 blocks
==1532==         suppressed: 0 bytes in 0 blocks
==1532== Rerun with --leak-check=full to see details of leaked memory
==1532== 
==1532== For counts of detected and suppressed errors, rerun with: -v
==1532== ERROR SUMMARY: 0 errors from 0 contexts (suppressed: 2 from 2)
==1543== 
==1543== HEAP SUMMARY:
==1543==     in use at exit: 2,475 bytes in 66 blocks
==1543==   total heap usage: 104 allocs, 38 frees, 6,763 bytes allocated
==1543== 
==1543== LEAK SUMMARY:
==1543==    definitely lost: 0 bytes in 0 blocks
==1543==    indirectly lost: 0 bytes in 0 blocks
==1543==      possibly lost: 0 bytes in 0 blocks
==1543==    still reachable: 2,475 bytes in 66 blocks
==1543==         suppressed: 0 bytes in 0 blocks
==1543== Rerun with --leak-check=full to see details of leaked memory
==1543== 
==1543== For counts of detected and suppressed errors, rerun with: -v
==1543== ERROR SUMMARY: 0 errors from 0 contexts (suppressed: 2 from 2)
==1468== 
==1468== HEAP SUMMARY:
==1468==     in use at exit: 0 bytes in 0 blocks
==1468==   total heap usage: 124 allocs, 124 frees, 8,373 bytes allocated
==1468== 
==1468== All heap blocks were freed -- no leaks are possible
==1468== 
==1468== For counts of detected and suppressed errors, rerun with: -v
==1468== ERROR SUMMARY: 0 errors from 0 contexts (suppressed: 2 from 2)
