==1348== Memcheck, a memory error detector
==1348== Copyright (C) 2002-2011, and GNU GPL'd, by Julian Seward et al.
==1348== Using Valgrind-3.7.0 and LibVEX; rerun with -h for copyright info
==1348== Command: ./test/test
==1348== Parent PID: 29474
==1348== 
==1353== 
==1353== HEAP SUMMARY:
==1353==     in use at exit: 2,016 bytes in 45 blocks
==1353==   total heap usage: 76 allocs, 31 frees, 13,080 bytes allocated
==1353== 
==1353== LEAK SUMMARY:
==1353==    definitely lost: 0 bytes in 0 blocks
==1353==    indirectly lost: 0 bytes in 0 blocks
==1353==      possibly lost: 0 bytes in 0 blocks
==1353==    still reachable: 2,016 bytes in 45 blocks
==1353==         suppressed: 0 bytes in 0 blocks
==1353== Rerun with --leak-check=full to see details of leaked memory
==1353== 
==1353== For counts of detected and suppressed errors, rerun with: -v
==1353== ERROR SUMMARY: 0 errors from 0 contexts (suppressed: 2 from 2)
==1365== 
==1365== HEAP SUMMARY:
==1365==     in use at exit: 2,085 bytes in 48 blocks
==1365==   total heap usage: 102 allocs, 54 frees, 14,942 bytes allocated
==1365== 
==1365== LEAK SUMMARY:
==1365==    definitely lost: 0 bytes in 0 blocks
==1365==    indirectly lost: 0 bytes in 0 blocks
==1365==      possibly lost: 0 bytes in 0 blocks
==1365==    still reachable: 2,085 bytes in 48 blocks
==1365==         suppressed: 0 bytes in 0 blocks
==1365== Rerun with --leak-check=full to see details of leaked memory
==1365== 
==1365== For counts of detected and suppressed errors, rerun with: -v
==1365== ERROR SUMMARY: 0 errors from 0 contexts (suppressed: 2 from 2)
==1348== 
==1348== HEAP SUMMARY:
==1348==     in use at exit: 0 bytes in 0 blocks
==1348==   total heap usage: 109 allocs, 109 frees, 8,434 bytes allocated
==1348== 
==1348== All heap blocks were freed -- no leaks are possible
==1348== 
==1348== For counts of detected and suppressed errors, rerun with: -v
==1348== ERROR SUMMARY: 0 errors from 0 contexts (suppressed: 2 from 2)
