==20246== Memcheck, a memory error detector
==20246== Copyright (C) 2002-2011, and GNU GPL'd, by Julian Seward et al.
==20246== Using Valgrind-3.7.0 and LibVEX; rerun with -h for copyright info
==20246== Command: ./test/test
==20246== Parent PID: 11000
==20246== 
==20263== 
==20263== HEAP SUMMARY:
==20263==     in use at exit: 2,334 bytes in 60 blocks
==20263==   total heap usage: 83 allocs, 23 frees, 5,105 bytes allocated
==20263== 
==20263== LEAK SUMMARY:
==20263==    definitely lost: 0 bytes in 0 blocks
==20263==    indirectly lost: 0 bytes in 0 blocks
==20263==      possibly lost: 0 bytes in 0 blocks
==20263==    still reachable: 2,334 bytes in 60 blocks
==20263==         suppressed: 0 bytes in 0 blocks
==20263== Rerun with --leak-check=full to see details of leaked memory
==20263== 
==20263== For counts of detected and suppressed errors, rerun with: -v
==20263== ERROR SUMMARY: 0 errors from 0 contexts (suppressed: 2 from 2)
==20265== 
==20265== HEAP SUMMARY:
==20265==     in use at exit: 2,403 bytes in 63 blocks
==20265==   total heap usage: 95 allocs, 32 frees, 6,011 bytes allocated
==20265== 
==20265== LEAK SUMMARY:
==20265==    definitely lost: 0 bytes in 0 blocks
==20265==    indirectly lost: 0 bytes in 0 blocks
==20265==      possibly lost: 0 bytes in 0 blocks
==20265==    still reachable: 2,403 bytes in 63 blocks
==20265==         suppressed: 0 bytes in 0 blocks
==20265== Rerun with --leak-check=full to see details of leaked memory
==20265== 
==20265== For counts of detected and suppressed errors, rerun with: -v
==20265== ERROR SUMMARY: 0 errors from 0 contexts (suppressed: 2 from 2)
==20266== 
==20266== HEAP SUMMARY:
==20266==     in use at exit: 2,480 bytes in 66 blocks
==20266==   total heap usage: 119 allocs, 53 frees, 7,205 bytes allocated
==20266== 
==20266== LEAK SUMMARY:
==20266==    definitely lost: 0 bytes in 0 blocks
==20266==    indirectly lost: 0 bytes in 0 blocks
==20266==      possibly lost: 0 bytes in 0 blocks
==20266==    still reachable: 2,480 bytes in 66 blocks
==20266==         suppressed: 0 bytes in 0 blocks
==20266== Rerun with --leak-check=full to see details of leaked memory
==20266== 
==20266== For counts of detected and suppressed errors, rerun with: -v
==20266== ERROR SUMMARY: 0 errors from 0 contexts (suppressed: 2 from 2)
==20246== 
==20246== HEAP SUMMARY:
==20246==     in use at exit: 0 bytes in 0 blocks
==20246==   total heap usage: 117 allocs, 117 frees, 8,038 bytes allocated
==20246== 
==20246== All heap blocks were freed -- no leaks are possible
==20246== 
==20246== For counts of detected and suppressed errors, rerun with: -v
==20246== ERROR SUMMARY: 0 errors from 0 contexts (suppressed: 2 from 2)
