==22550== Memcheck, a memory error detector
==22550== Copyright (C) 2002-2011, and GNU GPL'd, by Julian Seward et al.
==22550== Using Valgrind-3.7.0 and LibVEX; rerun with -h for copyright info
==22550== Command: ./test/test
==22550== Parent PID: 27312
==22550== 
==22575== 
==22575== HEAP SUMMARY:
==22575==     in use at exit: 2,902 bytes in 61 blocks
==22575==   total heap usage: 85 allocs, 24 frees, 8,895 bytes allocated
==22575== 
==22575== LEAK SUMMARY:
==22575==    definitely lost: 0 bytes in 0 blocks
==22575==    indirectly lost: 0 bytes in 0 blocks
==22575==      possibly lost: 0 bytes in 0 blocks
==22575==    still reachable: 2,902 bytes in 61 blocks
==22575==         suppressed: 0 bytes in 0 blocks
==22575== Rerun with --leak-check=full to see details of leaked memory
==22575== 
==22575== For counts of detected and suppressed errors, rerun with: -v
==22575== ERROR SUMMARY: 0 errors from 0 contexts (suppressed: 2 from 2)
==22576== 
==22576== HEAP SUMMARY:
==22576==     in use at exit: 2,403 bytes in 63 blocks
==22576==   total heap usage: 113 allocs, 50 frees, 10,785 bytes allocated
==22576== 
==22576== LEAK SUMMARY:
==22576==    definitely lost: 0 bytes in 0 blocks
==22576==    indirectly lost: 0 bytes in 0 blocks
==22576==      possibly lost: 0 bytes in 0 blocks
==22576==    still reachable: 2,403 bytes in 63 blocks
==22576==         suppressed: 0 bytes in 0 blocks
==22576== Rerun with --leak-check=full to see details of leaked memory
==22576== 
==22576== For counts of detected and suppressed errors, rerun with: -v
==22576== ERROR SUMMARY: 0 errors from 0 contexts (suppressed: 2 from 2)
==22577== 
==22577== HEAP SUMMARY:
==22577==     in use at exit: 2,480 bytes in 66 blocks
==22577==   total heap usage: 142 allocs, 76 frees, 12,691 bytes allocated
==22577== 
==22577== LEAK SUMMARY:
==22577==    definitely lost: 0 bytes in 0 blocks
==22577==    indirectly lost: 0 bytes in 0 blocks
==22577==      possibly lost: 0 bytes in 0 blocks
==22577==    still reachable: 2,480 bytes in 66 blocks
==22577==         suppressed: 0 bytes in 0 blocks
==22577== Rerun with --leak-check=full to see details of leaked memory
==22577== 
==22577== For counts of detected and suppressed errors, rerun with: -v
==22577== ERROR SUMMARY: 0 errors from 0 contexts (suppressed: 2 from 2)
==22550== 
==22550== HEAP SUMMARY:
==22550==     in use at exit: 0 bytes in 0 blocks
==22550==   total heap usage: 160 allocs, 160 frees, 11,414 bytes allocated
==22550== 
==22550== All heap blocks were freed -- no leaks are possible
==22550== 
==22550== For counts of detected and suppressed errors, rerun with: -v
==22550== ERROR SUMMARY: 0 errors from 0 contexts (suppressed: 2 from 2)
