==12451== Memcheck, a memory error detector
==12451== Copyright (C) 2002-2011, and GNU GPL'd, by Julian Seward et al.
==12451== Using Valgrind-3.7.0 and LibVEX; rerun with -h for copyright info
==12451== Command: ./test/test
==12451== Parent PID: 23087
==12451== 
==12458== 
==12458== HEAP SUMMARY:
==12458==     in use at exit: 2,636 bytes in 75 blocks
==12458==   total heap usage: 93 allocs, 18 frees, 5,194 bytes allocated
==12458== 
==12458== LEAK SUMMARY:
==12458==    definitely lost: 0 bytes in 0 blocks
==12458==    indirectly lost: 0 bytes in 0 blocks
==12458==      possibly lost: 0 bytes in 0 blocks
==12458==    still reachable: 2,636 bytes in 75 blocks
==12458==         suppressed: 0 bytes in 0 blocks
==12458== Rerun with --leak-check=full to see details of leaked memory
==12458== 
==12458== For counts of detected and suppressed errors, rerun with: -v
==12458== ERROR SUMMARY: 0 errors from 0 contexts (suppressed: 2 from 2)
==12459== 
==12459== HEAP SUMMARY:
==12459==     in use at exit: 2,737 bytes in 80 blocks
==12459==   total heap usage: 113 allocs, 33 frees, 6,510 bytes allocated
==12459== 
==12459== LEAK SUMMARY:
==12459==    definitely lost: 0 bytes in 0 blocks
==12459==    indirectly lost: 0 bytes in 0 blocks
==12459==      possibly lost: 0 bytes in 0 blocks
==12459==    still reachable: 2,737 bytes in 80 blocks
==12459==         suppressed: 0 bytes in 0 blocks
==12459== Rerun with --leak-check=full to see details of leaked memory
==12459== 
==12459== For counts of detected and suppressed errors, rerun with: -v
==12459== ERROR SUMMARY: 0 errors from 0 contexts (suppressed: 2 from 2)
==12460== 
==12460== HEAP SUMMARY:
==12460==     in use at exit: 2,895 bytes in 85 blocks
==12460==   total heap usage: 137 allocs, 52 frees, 8,426 bytes allocated
==12460== 
==12460== LEAK SUMMARY:
==12460==    definitely lost: 0 bytes in 0 blocks
==12460==    indirectly lost: 0 bytes in 0 blocks
==12460==      possibly lost: 0 bytes in 0 blocks
==12460==    still reachable: 2,895 bytes in 85 blocks
==12460==         suppressed: 0 bytes in 0 blocks
==12460== Rerun with --leak-check=full to see details of leaked memory
==12460== 
==12460== For counts of detected and suppressed errors, rerun with: -v
==12460== ERROR SUMMARY: 0 errors from 0 contexts (suppressed: 2 from 2)
==12461== 
==12461== HEAP SUMMARY:
==12461==     in use at exit: 2,966 bytes in 85 blocks
==12461==   total heap usage: 156 allocs, 71 frees, 10,286 bytes allocated
==12461== 
==12461== LEAK SUMMARY:
==12461==    definitely lost: 0 bytes in 0 blocks
==12461==    indirectly lost: 0 bytes in 0 blocks
==12461==      possibly lost: 0 bytes in 0 blocks
==12461==    still reachable: 2,966 bytes in 85 blocks
==12461==         suppressed: 0 bytes in 0 blocks
==12461== Rerun with --leak-check=full to see details of leaked memory
==12461== 
==12461== For counts of detected and suppressed errors, rerun with: -v
==12461== ERROR SUMMARY: 0 errors from 0 contexts (suppressed: 2 from 2)
==12451== 
==12451== HEAP SUMMARY:
==12451==     in use at exit: 0 bytes in 0 blocks
==12451==   total heap usage: 177 allocs, 177 frees, 12,721 bytes allocated
==12451== 
==12451== All heap blocks were freed -- no leaks are possible
==12451== 
==12451== For counts of detected and suppressed errors, rerun with: -v
==12451== ERROR SUMMARY: 0 errors from 0 contexts (suppressed: 2 from 2)
