==17285== Memcheck, a memory error detector
==17285== Copyright (C) 2002-2011, and GNU GPL'd, by Julian Seward et al.
==17285== Using Valgrind-3.7.0 and LibVEX; rerun with -h for copyright info
==17285== Command: ./test/test
==17285== Parent PID: 27313
==17285== 
==17325== 
==17325== HEAP SUMMARY:
==17325==     in use at exit: 3,772 bytes in 77 blocks
==17325==   total heap usage: 91 allocs, 14 frees, 6,257 bytes allocated
==17325== 
==17325== LEAK SUMMARY:
==17325==    definitely lost: 0 bytes in 0 blocks
==17325==    indirectly lost: 0 bytes in 0 blocks
==17325==      possibly lost: 0 bytes in 0 blocks
==17325==    still reachable: 3,772 bytes in 77 blocks
==17325==         suppressed: 0 bytes in 0 blocks
==17325== Rerun with --leak-check=full to see details of leaked memory
==17325== 
==17325== For counts of detected and suppressed errors, rerun with: -v
==17325== ERROR SUMMARY: 0 errors from 0 contexts (suppressed: 2 from 2)
==17326== 
==17326== HEAP SUMMARY:
==17326==     in use at exit: 2,705 bytes in 78 blocks
==17326==   total heap usage: 108 allocs, 30 frees, 6,387 bytes allocated
==17326== 
==17326== LEAK SUMMARY:
==17326==    definitely lost: 0 bytes in 0 blocks
==17326==    indirectly lost: 0 bytes in 0 blocks
==17326==      possibly lost: 0 bytes in 0 blocks
==17326==    still reachable: 2,705 bytes in 78 blocks
==17326==         suppressed: 0 bytes in 0 blocks
==17326== Rerun with --leak-check=full to see details of leaked memory
==17326== 
==17326== For counts of detected and suppressed errors, rerun with: -v
==17326== ERROR SUMMARY: 0 errors from 0 contexts (suppressed: 2 from 2)
==17327== 
==17327== HEAP SUMMARY:
==17327==     in use at exit: 2,782 bytes in 81 blocks
==17327==   total heap usage: 130 allocs, 49 frees, 7,719 bytes allocated
==17327== 
==17327== LEAK SUMMARY:
==17327==    definitely lost: 0 bytes in 0 blocks
==17327==    indirectly lost: 0 bytes in 0 blocks
==17327==      possibly lost: 0 bytes in 0 blocks
==17327==    still reachable: 2,782 bytes in 81 blocks
==17327==         suppressed: 0 bytes in 0 blocks
==17327== Rerun with --leak-check=full to see details of leaked memory
==17327== 
==17327== For counts of detected and suppressed errors, rerun with: -v
==17327== ERROR SUMMARY: 0 errors from 0 contexts (suppressed: 2 from 2)
==17328== 
==17328== HEAP SUMMARY:
==17328==     in use at exit: 2,867 bytes in 84 blocks
==17328==   total heap usage: 155 allocs, 71 frees, 9,585 bytes allocated
==17328== 
==17328== LEAK SUMMARY:
==17328==    definitely lost: 0 bytes in 0 blocks
==17328==    indirectly lost: 0 bytes in 0 blocks
==17328==      possibly lost: 0 bytes in 0 blocks
==17328==    still reachable: 2,867 bytes in 84 blocks
==17328==         suppressed: 0 bytes in 0 blocks
==17328== Rerun with --leak-check=full to see details of leaked memory
==17328== 
==17328== For counts of detected and suppressed errors, rerun with: -v
==17328== ERROR SUMMARY: 0 errors from 0 contexts (suppressed: 2 from 2)
==17285== 
==17285== HEAP SUMMARY:
==17285==     in use at exit: 0 bytes in 0 blocks
==17285==   total heap usage: 177 allocs, 177 frees, 11,778 bytes allocated
==17285== 
==17285== All heap blocks were freed -- no leaks are possible
==17285== 
==17285== For counts of detected and suppressed errors, rerun with: -v
==17285== ERROR SUMMARY: 0 errors from 0 contexts (suppressed: 2 from 2)
