==6885== Memcheck, a memory error detector
==6885== Copyright (C) 2002-2011, and GNU GPL'd, by Julian Seward et al.
==6885== Using Valgrind-3.7.0 and LibVEX; rerun with -h for copyright info
==6885== Command: ./test/test
==6885== Parent PID: 27312
==6885== 
==6904== 
==6904== HEAP SUMMARY:
==6904==     in use at exit: 11,360 bytes in 47 blocks
==6904==   total heap usage: 90 allocs, 43 frees, 18,940 bytes allocated
==6904== 
==6904== LEAK SUMMARY:
==6904==    definitely lost: 0 bytes in 0 blocks
==6904==    indirectly lost: 0 bytes in 0 blocks
==6904==      possibly lost: 0 bytes in 0 blocks
==6904==    still reachable: 11,360 bytes in 47 blocks
==6904==         suppressed: 0 bytes in 0 blocks
==6904== Rerun with --leak-check=full to see details of leaked memory
==6904== 
==6904== For counts of detected and suppressed errors, rerun with: -v
==6904== ERROR SUMMARY: 0 errors from 0 contexts (suppressed: 2 from 2)
==6885== 
==6885== HEAP SUMMARY:
==6885==     in use at exit: 0 bytes in 0 blocks
==6885==   total heap usage: 107 allocs, 107 frees, 9,768 bytes allocated
==6885== 
==6885== All heap blocks were freed -- no leaks are possible
==6885== 
==6885== For counts of detected and suppressed errors, rerun with: -v
==6885== ERROR SUMMARY: 0 errors from 0 contexts (suppressed: 2 from 2)
