==13673== Memcheck, a memory error detector
==13673== Copyright (C) 2002-2011, and GNU GPL'd, by Julian Seward et al.
==13673== Using Valgrind-3.7.0 and LibVEX; rerun with -h for copyright info
==13673== Command: ./test/test
==13673== Parent PID: 11704
==13673== 
==13694== 
==13694== HEAP SUMMARY:
==13694==     in use at exit: 2,328 bytes in 60 blocks
==13694==   total heap usage: 73 allocs, 13 frees, 5,331 bytes allocated
==13694== 
==13694== LEAK SUMMARY:
==13694==    definitely lost: 0 bytes in 0 blocks
==13694==    indirectly lost: 0 bytes in 0 blocks
==13694==      possibly lost: 0 bytes in 0 blocks
==13694==    still reachable: 2,328 bytes in 60 blocks
==13694==         suppressed: 0 bytes in 0 blocks
==13694== Rerun with --leak-check=full to see details of leaked memory
==13694== 
==13694== For counts of detected and suppressed errors, rerun with: -v
==13694== ERROR SUMMARY: 0 errors from 0 contexts (suppressed: 2 from 2)
==13695== 
==13695== HEAP SUMMARY:
==13695==     in use at exit: 2,397 bytes in 63 blocks
==13695==   total heap usage: 87 allocs, 24 frees, 6,285 bytes allocated
==13695== 
==13695== LEAK SUMMARY:
==13695==    definitely lost: 0 bytes in 0 blocks
==13695==    indirectly lost: 0 bytes in 0 blocks
==13695==      possibly lost: 0 bytes in 0 blocks
==13695==    still reachable: 2,397 bytes in 63 blocks
==13695==         suppressed: 0 bytes in 0 blocks
==13695== Rerun with --leak-check=full to see details of leaked memory
==13695== 
==13695== For counts of detected and suppressed errors, rerun with: -v
==13695== ERROR SUMMARY: 0 errors from 0 contexts (suppressed: 2 from 2)
==13696== 
==13696== HEAP SUMMARY:
==13696==     in use at exit: 2,474 bytes in 66 blocks
==13696==   total heap usage: 102 allocs, 36 frees, 7,255 bytes allocated
==13696== 
==13696== LEAK SUMMARY:
==13696==    definitely lost: 0 bytes in 0 blocks
==13696==    indirectly lost: 0 bytes in 0 blocks
==13696==      possibly lost: 0 bytes in 0 blocks
==13696==    still reachable: 2,474 bytes in 66 blocks
==13696==         suppressed: 0 bytes in 0 blocks
==13696== Rerun with --leak-check=full to see details of leaked memory
==13696== 
==13696== For counts of detected and suppressed errors, rerun with: -v
==13696== ERROR SUMMARY: 0 errors from 0 contexts (suppressed: 2 from 2)
==13673== 
==13673== HEAP SUMMARY:
==13673==     in use at exit: 0 bytes in 0 blocks
==13673==   total heap usage: 117 allocs, 117 frees, 8,032 bytes allocated
==13673== 
==13673== All heap blocks were freed -- no leaks are possible
==13673== 
==13673== For counts of detected and suppressed errors, rerun with: -v
==13673== ERROR SUMMARY: 0 errors from 0 contexts (suppressed: 2 from 2)
