==23562== Memcheck, a memory error detector
==23562== Copyright (C) 2002-2011, and GNU GPL'd, by Julian Seward et al.
==23562== Using Valgrind-3.7.0 and LibVEX; rerun with -h for copyright info
==23562== Command: ./test/test
==23562== Parent PID: 27312
==23562== 
==23568== 
==23568== HEAP SUMMARY:
==23568==     in use at exit: 4,288 bytes in 49 blocks
==23568==   total heap usage: 84 allocs, 35 frees, 18,083 bytes allocated
==23568== 
==23568== LEAK SUMMARY:
==23568==    definitely lost: 0 bytes in 0 blocks
==23568==    indirectly lost: 0 bytes in 0 blocks
==23568==      possibly lost: 0 bytes in 0 blocks
==23568==    still reachable: 4,288 bytes in 49 blocks
==23568==         suppressed: 0 bytes in 0 blocks
==23568== Rerun with --leak-check=full to see details of leaked memory
==23568== 
==23568== For counts of detected and suppressed errors, rerun with: -v
==23568== ERROR SUMMARY: 0 errors from 0 contexts (suppressed: 2 from 2)
==23570== 
==23570== HEAP SUMMARY:
==23570==     in use at exit: 2,653 bytes in 49 blocks
==23570==   total heap usage: 77 allocs, 28 frees, 8,805 bytes allocated
==23570== 
==23570== LEAK SUMMARY:
==23570==    definitely lost: 0 bytes in 0 blocks
==23570==    indirectly lost: 0 bytes in 0 blocks
==23570==      possibly lost: 0 bytes in 0 blocks
==23570==    still reachable: 2,653 bytes in 49 blocks
==23570==         suppressed: 0 bytes in 0 blocks
==23570== Rerun with --leak-check=full to see details of leaked memory
==23570== 
==23570== For counts of detected and suppressed errors, rerun with: -v
==23570== ERROR SUMMARY: 0 errors from 0 contexts (suppressed: 2 from 2)
==23562== 
==23562== HEAP SUMMARY:
==23562==     in use at exit: 0 bytes in 0 blocks
==23562==   total heap usage: 85 allocs, 85 frees, 6,618 bytes allocated
==23562== 
==23562== All heap blocks were freed -- no leaks are possible
==23562== 
==23562== For counts of detected and suppressed errors, rerun with: -v
==23562== ERROR SUMMARY: 0 errors from 0 contexts (suppressed: 2 from 2)
