==11484== Memcheck, a memory error detector
==11484== Copyright (C) 2002-2011, and GNU GPL'd, by Julian Seward et al.
==11484== Using Valgrind-3.7.0 and LibVEX; rerun with -h for copyright info
==11484== Command: ./test/test
==11484== Parent PID: 19969
==11484== 
==11501== 
==11501== HEAP SUMMARY:
==11501==     in use at exit: 2,012 bytes in 45 blocks
==11501==   total heap usage: 59 allocs, 14 frees, 4,547 bytes allocated
==11501== 
==11501== LEAK SUMMARY:
==11501==    definitely lost: 0 bytes in 0 blocks
==11501==    indirectly lost: 0 bytes in 0 blocks
==11501==      possibly lost: 0 bytes in 0 blocks
==11501==    still reachable: 2,012 bytes in 45 blocks
==11501==         suppressed: 0 bytes in 0 blocks
==11501== Rerun with --leak-check=full to see details of leaked memory
==11501== 
==11501== For counts of detected and suppressed errors, rerun with: -v
==11501== ERROR SUMMARY: 0 errors from 0 contexts (suppressed: 2 from 2)
==11502== 
==11502== HEAP SUMMARY:
==11502==     in use at exit: 2,081 bytes in 48 blocks
==11502==   total heap usage: 102 allocs, 54 frees, 7,341 bytes allocated
==11502== 
==11502== LEAK SUMMARY:
==11502==    definitely lost: 0 bytes in 0 blocks
==11502==    indirectly lost: 0 bytes in 0 blocks
==11502==      possibly lost: 0 bytes in 0 blocks
==11502==    still reachable: 2,081 bytes in 48 blocks
==11502==         suppressed: 0 bytes in 0 blocks
==11502== Rerun with --leak-check=full to see details of leaked memory
==11502== 
==11502== For counts of detected and suppressed errors, rerun with: -v
==11502== ERROR SUMMARY: 0 errors from 0 contexts (suppressed: 2 from 2)
==11484== 
==11484== HEAP SUMMARY:
==11484==     in use at exit: 0 bytes in 0 blocks
==11484==   total heap usage: 85 allocs, 85 frees, 6,614 bytes allocated
==11484== 
==11484== All heap blocks were freed -- no leaks are possible
==11484== 
==11484== For counts of detected and suppressed errors, rerun with: -v
==11484== ERROR SUMMARY: 0 errors from 0 contexts (suppressed: 2 from 2)
