==3944== Memcheck, a memory error detector
==3944== Copyright (C) 2002-2011, and GNU GPL'd, by Julian Seward et al.
==3944== Using Valgrind-3.7.0 and LibVEX; rerun with -h for copyright info
==3944== Command: ./test/test
==3944== Parent PID: 23087
==3944== 
==3950== 
==3950== HEAP SUMMARY:
==3950==     in use at exit: 2,970 bytes in 90 blocks
==3950==   total heap usage: 107 allocs, 17 frees, 5,497 bytes allocated
==3950== 
==3950== LEAK SUMMARY:
==3950==    definitely lost: 0 bytes in 0 blocks
==3950==    indirectly lost: 0 bytes in 0 blocks
==3950==      possibly lost: 0 bytes in 0 blocks
==3950==    still reachable: 2,970 bytes in 90 blocks
==3950==         suppressed: 0 bytes in 0 blocks
==3950== Rerun with --leak-check=full to see details of leaked memory
==3950== 
==3950== For counts of detected and suppressed errors, rerun with: -v
==3950== ERROR SUMMARY: 0 errors from 0 contexts (suppressed: 2 from 2)
==3951== 
==3951== HEAP SUMMARY:
==3951==     in use at exit: 3,039 bytes in 93 blocks
==3951==   total heap usage: 125 allocs, 32 frees, 6,771 bytes allocated
==3951== 
==3951== LEAK SUMMARY:
==3951==    definitely lost: 0 bytes in 0 blocks
==3951==    indirectly lost: 0 bytes in 0 blocks
==3951==      possibly lost: 0 bytes in 0 blocks
==3951==    still reachable: 3,039 bytes in 93 blocks
==3951==         suppressed: 0 bytes in 0 blocks
==3951== Rerun with --leak-check=full to see details of leaked memory
==3951== 
==3951== For counts of detected and suppressed errors, rerun with: -v
==3951== ERROR SUMMARY: 0 errors from 0 contexts (suppressed: 2 from 2)
==3952== 
==3952== HEAP SUMMARY:
==3952==     in use at exit: 3,116 bytes in 96 blocks
==3952==   total heap usage: 140 allocs, 44 frees, 7,741 bytes allocated
==3952== 
==3952== LEAK SUMMARY:
==3952==    definitely lost: 0 bytes in 0 blocks
==3952==    indirectly lost: 0 bytes in 0 blocks
==3952==      possibly lost: 0 bytes in 0 blocks
==3952==    still reachable: 3,116 bytes in 96 blocks
==3952==         suppressed: 0 bytes in 0 blocks
==3952== Rerun with --leak-check=full to see details of leaked memory
==3952== 
==3952== For counts of detected and suppressed errors, rerun with: -v
==3952== ERROR SUMMARY: 0 errors from 0 contexts (suppressed: 2 from 2)
==3953== 
==3953== HEAP SUMMARY:
==3953==     in use at exit: 3,201 bytes in 99 blocks
==3953==   total heap usage: 155 allocs, 56 frees, 8,727 bytes allocated
==3953== 
==3953== LEAK SUMMARY:
==3953==    definitely lost: 0 bytes in 0 blocks
==3953==    indirectly lost: 0 bytes in 0 blocks
==3953==      possibly lost: 0 bytes in 0 blocks
==3953==    still reachable: 3,201 bytes in 99 blocks
==3953==         suppressed: 0 bytes in 0 blocks
==3953== Rerun with --leak-check=full to see details of leaked memory
==3953== 
==3953== For counts of detected and suppressed errors, rerun with: -v
==3953== ERROR SUMMARY: 0 errors from 0 contexts (suppressed: 2 from 2)
==3954== 
==3954== HEAP SUMMARY:
==3954==     in use at exit: 3,270 bytes in 102 blocks
==3954==   total heap usage: 171 allocs, 69 frees, 9,841 bytes allocated
==3954== 
==3954== LEAK SUMMARY:
==3954==    definitely lost: 0 bytes in 0 blocks
==3954==    indirectly lost: 0 bytes in 0 blocks
==3954==      possibly lost: 0 bytes in 0 blocks
==3954==    still reachable: 3,270 bytes in 102 blocks
==3954==         suppressed: 0 bytes in 0 blocks
==3954== Rerun with --leak-check=full to see details of leaked memory
==3954== 
==3954== For counts of detected and suppressed errors, rerun with: -v
==3954== ERROR SUMMARY: 0 errors from 0 contexts (suppressed: 2 from 2)
==3944== 
==3944== HEAP SUMMARY:
==3944==     in use at exit: 0 bytes in 0 blocks
==3944==   total heap usage: 179 allocs, 179 frees, 10,878 bytes allocated
==3944== 
==3944== All heap blocks were freed -- no leaks are possible
==3944== 
==3944== For counts of detected and suppressed errors, rerun with: -v
==3944== ERROR SUMMARY: 0 errors from 0 contexts (suppressed: 2 from 2)
