==16093== Memcheck, a memory error detector
==16093== Copyright (C) 2002-2011, and GNU GPL'd, by Julian Seward et al.
==16093== Using Valgrind-3.7.0 and LibVEX; rerun with -h for copyright info
==16093== Command: ./test/test
==16093== Parent PID: 27312
==16093== 
==16099== 
==16099== HEAP SUMMARY:
==16099==     in use at exit: 2,016 bytes in 45 blocks
==16099==   total heap usage: 60 allocs, 15 frees, 5,690 bytes allocated
==16099== 
==16099== LEAK SUMMARY:
==16099==    definitely lost: 0 bytes in 0 blocks
==16099==    indirectly lost: 0 bytes in 0 blocks
==16099==      possibly lost: 0 bytes in 0 blocks
==16099==    still reachable: 2,016 bytes in 45 blocks
==16099==         suppressed: 0 bytes in 0 blocks
==16099== Rerun with --leak-check=full to see details of leaked memory
==16099== 
==16099== For counts of detected and suppressed errors, rerun with: -v
==16099== ERROR SUMMARY: 0 errors from 0 contexts (suppressed: 2 from 2)
==16101== 
==16101== HEAP SUMMARY:
==16101==     in use at exit: 5,573 bytes in 54 blocks
==16101==   total heap usage: 108 allocs, 54 frees, 22,381 bytes allocated
==16101== 
==16101== LEAK SUMMARY:
==16101==    definitely lost: 0 bytes in 0 blocks
==16101==    indirectly lost: 0 bytes in 0 blocks
==16101==      possibly lost: 0 bytes in 0 blocks
==16101==    still reachable: 5,573 bytes in 54 blocks
==16101==         suppressed: 0 bytes in 0 blocks
==16101== Rerun with --leak-check=full to see details of leaked memory
==16101== 
==16101== For counts of detected and suppressed errors, rerun with: -v
==16101== ERROR SUMMARY: 0 errors from 0 contexts (suppressed: 2 from 2)
==16093== 
==16093== HEAP SUMMARY:
==16093==     in use at exit: 0 bytes in 0 blocks
==16093==   total heap usage: 103 allocs, 103 frees, 8,624 bytes allocated
==16093== 
==16093== All heap blocks were freed -- no leaks are possible
==16093== 
==16093== For counts of detected and suppressed errors, rerun with: -v
==16093== ERROR SUMMARY: 0 errors from 0 contexts (suppressed: 2 from 2)
